[0525/215814:ERROR:process_info.cc(608)] range at 0xfffde000, size 0x230 fully unreadable
[0525/215814:ERROR:process_info.cc(608)] range at 0xfffde000, size 0x230 fully unreadable
[0525/215814:ERROR:process_info.cc(608)] range at 0xfffde000, size 0x230 fully unreadable
[0525/215814:ERROR:process_reader_win.cc(82)] NtQuerySystemInformation: {Not Enough Quota} Not enough virtual memory or paging file quota is available to complete the specified operation.  (0xc0000017)
[0525/215814:ERROR:exception_snapshot_win.cc(57)] thread ID 7540 not found in process
[0525/215814:WARNING:crash_report_exception_handler.cc(60)] ProcessSnapshotWin::InitializeException failed
[0525/215814:ERROR:process_reader_win.cc(82)] NtQuerySystemInformation: {Not Enough Quota} Not enough virtual memory or paging file quota is available to complete the specified operation.  (0xc0000017)
[0525/215814:ERROR:exception_snapshot_win.cc(57)] thread ID 160 not found in process
[0525/215814:WARNING:crash_report_exception_handler.cc(60)] ProcessSnapshotWin::InitializeException failed
[0525/220430:ERROR:process_info.cc(608)] range at 0xfffde000, size 0x230 fully unreadable
[0525/220430:ERROR:process_info.cc(608)] range at 0xfffde000, size 0x230 fully unreadable
[0525/220430:ERROR:process_info.cc(608)] range at 0xfffde000, size 0x230 fully unreadable
[0525/220430:ERROR:process_reader_win.cc(82)] NtQuerySystemInformation: {Not Enough Quota} Not enough virtual memory or paging file quota is available to complete the specified operation.  (0xc0000017)
[0525/220430:ERROR:exception_snapshot_win.cc(57)] thread ID 10056 not found in process
[0525/220430:WARNING:crash_report_exception_handler.cc(60)] ProcessSnapshotWin::InitializeException failed
[0525/220430:ERROR:process_info.cc(608)] range at 0xfffde000, size 0x230 fully unreadable
[0525/220430:ERROR:process_reader_win.cc(82)] NtQuerySystemInformation: {Not Enough Quota} Not enough virtual memory or paging file quota is available to complete the specified operation.  (0xc0000017)
[0525/220430:ERROR:exception_snapshot_win.cc(57)] thread ID 10264 not found in process
[0525/220430:WARNING:crash_report_exception_handler.cc(60)] ProcessSnapshotWin::InitializeException failed
[0525/220430:ERROR:process_reader_win.cc(82)] NtQuerySystemInformation: {Not Enough Quota} Not enough virtual memory or paging file quota is available to complete the specified operation.  (0xc0000017)
[0525/220430:ERROR:exception_snapshot_win.cc(57)] thread ID 12484 not found in process
[0525/220430:WARNING:crash_report_exception_handler.cc(60)] ProcessSnapshotWin::InitializeException failed
[0525/220430:ERROR:process_info.cc(608)] range at 0xfffdd000, size 0xf84 fully unreadable
[0525/220430:ERROR:process_info.cc(608)] range at 0xfffda000, size 0xf84 fully unreadable
[0525/220430:ERROR:process_info.cc(608)] range at 0xfffd7000, size 0xf84 fully unreadable
[0525/220430:ERROR:process_info.cc(608)] range at 0xfffdd000, size 0xf84 fully unreadable
[0525/220430:ERROR:process_info.cc(608)] range at 0xfffaf000, size 0xf84 fully unreadable
[0525/220430:ERROR:process_info.cc(608)] range at 0xfffac000, size 0xf84 fully unreadable
[0525/220430:ERROR:process_info.cc(608)] range at 0xfffda000, size 0xf84 fully unreadable
[0525/220430:ERROR:process_info.cc(608)] range at 0xfffa9000, size 0xf84 fully unreadable
[0525/220430:ERROR:process_info.cc(608)] range at 0xfffd7000, size 0xf84 fully unreadable
[0525/220430:ERROR:process_info.cc(608)] range at 0xfffa6000, size 0xf84 fully unreadable
[0525/220430:ERROR:process_info.cc(608)] range at 0xfffa3000, size 0xf84 fully unreadable
[0525/220430:ERROR:process_info.cc(608)] range at 0xfffa0000, size 0xf84 fully unreadable
[0525/220430:ERROR:process_info.cc(608)] range at 0xfffaf000, size 0xf84 fully unreadable
[0525/220430:ERROR:process_info.cc(608)] range at 0xfffac000, size 0xf84 fully unreadable
[0525/220430:ERROR:process_info.cc(608)] range at 0xfffa9000, size 0xf84 fully unreadable
[0525/220430:ERROR:process_info.cc(608)] range at 0xfffa6000, size 0xf84 fully unreadable
[0525/220430:ERROR:process_info.cc(608)] range at 0xfffa3000, size 0xf84 fully unreadable
[0525/220430:ERROR:process_info.cc(608)] range at 0xfffa0000, size 0xf84 fully unreadable
[0525/220430:ERROR:process_info.cc(608)] range at 0xfff9d000, size 0xf84 fully unreadable
[0525/220430:ERROR:process_info.cc(608)] range at 0xfffdd000, size 0xf84 fully unreadable
[0525/220430:ERROR:process_info.cc(608)] range at 0xfffda000, size 0xf84 fully unreadable
[0525/220430:ERROR:process_info.cc(608)] range at 0xfffd7000, size 0xf84 fully unreadable
[0525/220430:ERROR:process_info.cc(608)] range at 0xfffaf000, size 0xf84 fully unreadable
[0525/220430:ERROR:process_info.cc(608)] range at 0xfffac000, size 0xf84 fully unreadable
[0525/220430:ERROR:process_info.cc(608)] range at 0xfffa9000, size 0xf84 fully unreadable
[0525/220430:ERROR:process_info.cc(608)] range at 0xfffa6000, size 0xf84 fully unreadable
[0525/220430:ERROR:process_info.cc(608)] range at 0xfffa3000, size 0xf84 fully unreadable
[0525/220430:ERROR:process_info.cc(608)] range at 0xfffa0000, size 0xf84 fully unreadable
[0525/221458:ERROR:process_info.cc(608)] range at 0xfffde000, size 0x230 fully unreadable
[0525/221458:ERROR:process_info.cc(608)] range at 0xfffdd000, size 0xf84 fully unreadable
[0525/221458:ERROR:process_info.cc(608)] range at 0xfffda000, size 0xf84 fully unreadable
[0525/221458:ERROR:process_info.cc(608)] range at 0xfffd7000, size 0xf84 fully unreadable
[0525/221458:ERROR:process_info.cc(608)] range at 0xfffaf000, size 0xf84 fully unreadable
[0525/221458:ERROR:process_info.cc(608)] range at 0xfffac000, size 0xf84 fully unreadable
[0525/221458:ERROR:process_info.cc(608)] range at 0xfffa9000, size 0xf84 fully unreadable
[0525/221458:ERROR:process_info.cc(608)] range at 0xfffa6000, size 0xf84 fully unreadable
[0525/221458:ERROR:process_info.cc(608)] range at 0xfffa3000, size 0xf84 fully unreadable
[0525/221458:ERROR:process_info.cc(608)] range at 0xfffa0000, size 0xf84 fully unreadable
[0525/221458:ERROR:process_info.cc(608)] range at 0xfff9d000, size 0xf84 fully unreadable
[0525/221458:ERROR:process_info.cc(608)] range at 0xfff9a000, size 0xf84 fully unreadable
[0525/221458:ERROR:process_info.cc(372)] NtQuerySystemInformation SystemExtendedHandleInformation: {Not Enough Quota} Not enough virtual memory or paging file quota is available to complete the specified operation.  (0xc0000017)
[0525/221830:ERROR:process_info.cc(608)] range at 0xfffde000, size 0x230 fully unreadable
[0525/221840:ERROR:process_info.cc(608)] range at 0xfffde000, size 0x230 fully unreadable
[0525/221840:ERROR:process_info.cc(608)] range at 0xfffdd000, size 0xf84 fully unreadable
[0525/221840:ERROR:process_info.cc(608)] range at 0xfffda000, size 0xf84 fully unreadable
